2020-04-10 10:12:34.249  INFO 52247 --- [main] c.l.commu.CommuApplicationTests          : Starting CommuApplicationTests on luojianhuadeMacBook-Air.local with PID 52247 (started by luojianhua in /Users/luojianhua/commu)
2020-04-10 10:12:34.277  INFO 52247 --- [main] c.l.commu.CommuApplicationTests          : No active profile set, falling back to default profiles: default
2020-04-10 10:12:38.410  INFO 52247 --- [main] o.s.s.concurrent.ThreadPoolTaskExecutor  : Initializing ExecutorService 'applicationTaskExecutor'
2020-04-10 10:12:38.808  INFO 52247 --- [main] o.s.b.a.w.s.WelcomePageHandlerMapping    : Adding welcome page template: index
2020-04-10 10:12:39.464  INFO 52247 --- [main] o.s.s.c.ThreadPoolTaskScheduler          : Initializing ExecutorService 'taskScheduler'
2020-04-10 10:12:39.588  INFO 52247 --- [scheduling-1] com.luojianhua.commu.schedule.HotTag     : The time is nowFri Apr 10 10:12:39 CST 2020
2020-04-10 10:12:39.603  INFO 52247 --- [main] c.l.commu.CommuApplicationTests          : Started CommuApplicationTests in 6.25 seconds (JVM running for 8.9)
2020-04-10 10:12:39.687  INFO 52247 --- [scheduling-1] com.zaxxer.hikari.HikariDataSource       : HikariPool-1 - Starting...
2020-04-10 10:12:40.131  INFO 52247 --- [scheduling-1] com.zaxxer.hikari.HikariDataSource       : HikariPool-1 - Start completed.
2020-04-10 10:12:40.150 DEBUG 52247 --- [scheduling-1] .Q.selectByExampleWithBLOBsWithRowbounds : ==>  Preparing: select id, title, gmt_create, gmt_modified, creator, comment_count, view_count, like_count, tag , description from question 
2020-04-10 10:12:40.223 DEBUG 52247 --- [scheduling-1] .Q.selectByExampleWithBLOBsWithRowbounds : ==> Parameters: 
2020-04-10 10:12:40.385 DEBUG 52247 --- [scheduling-1] .Q.selectByExampleWithBLOBsWithRowbounds : <==      Total: 3
2020-04-10 10:12:40.394  INFO 52247 --- [scheduling-1] com.luojianhua.commu.schedule.HotTag     : list question:1
2020-04-10 10:12:40.397  INFO 52247 --- [scheduling-1] com.luojianhua.commu.schedule.HotTag     : list question:2
2020-04-10 10:12:40.398  INFO 52247 --- [scheduling-1] com.luojianhua.commu.schedule.HotTag     : list question:3
2020-04-10 10:12:40.841  INFO 52247 --- [SpringContextShutdownHook] o.s.s.c.ThreadPoolTaskScheduler          : Shutting down ExecutorService 'taskScheduler'
2020-04-10 10:12:40.843  INFO 52247 --- [SpringContextShutdownHook] o.s.s.concurrent.ThreadPoolTaskExecutor  : Shutting down ExecutorService 'applicationTaskExecutor'
2020-04-10 10:12:40.845  INFO 52247 --- [SpringContextShutdownHook] com.zaxxer.hikari.HikariDataSource       : HikariPool-1 - Shutdown initiated...
2020-04-10 10:12:40.860  INFO 52247 --- [SpringContextShutdownHook] com.zaxxer.hikari.HikariDataSource       : HikariPool-1 - Shutdown completed.
2020-04-10 10:12:49.613  INFO 52262 --- [main] com.luojianhua.commu.CommuApplication    : Starting CommuApplication on luojianhuadeMacBook-Air.local with PID 52262 (/Users/luojianhua/commu/target/classes started by luojianhua in /Users/luojianhua/commu)
2020-04-10 10:12:49.624  INFO 52262 --- [main] com.luojianhua.commu.CommuApplication    : No active profile set, falling back to default profiles: default
2020-04-10 10:12:52.068  INFO 52262 --- [main] o.s.b.w.embedded.tomcat.TomcatWebServer  : Tomcat initialized with port(s): 8887 (http)
2020-04-10 10:12:52.082  INFO 52262 --- [main] o.apache.catalina.core.StandardService   : Starting service [Tomcat]
2020-04-10 10:12:52.084  INFO 52262 --- [main] org.apache.catalina.core.StandardEngine  : Starting Servlet engine: [Apache Tomcat/9.0.31]
2020-04-10 10:12:52.218  INFO 52262 --- [main] o.a.c.c.C.[Tomcat].[localhost].[/]       : Initializing Spring embedded WebApplicationContext
2020-04-10 10:12:52.219  INFO 52262 --- [main] o.s.web.context.ContextLoader            : Root WebApplicationContext: initialization completed in 2451 ms
2020-04-10 10:12:53.274  INFO 52262 --- [main] o.s.s.concurrent.ThreadPoolTaskExecutor  : Initializing ExecutorService 'applicationTaskExecutor'
2020-04-10 10:12:53.524  INFO 52262 --- [main] o.s.b.a.w.s.WelcomePageHandlerMapping    : Adding welcome page template: index
2020-04-10 10:12:53.749  INFO 52262 --- [main] o.s.s.c.ThreadPoolTaskScheduler          : Initializing ExecutorService 'taskScheduler'
2020-04-10 10:12:53.802  INFO 52262 --- [scheduling-1] com.luojianhua.commu.schedule.HotTag     : The time is nowFri Apr 10 10:12:53 CST 2020
2020-04-10 10:12:53.874  INFO 52262 --- [scheduling-1] com.zaxxer.hikari.HikariDataSource       : HikariPool-1 - Starting...
2020-04-10 10:12:53.879  INFO 52262 --- [main] o.s.b.w.embedded.tomcat.TomcatWebServer  : Tomcat started on port(s): 8887 (http) with context path ''
2020-04-10 10:12:53.888  INFO 52262 --- [main] com.luojianhua.commu.CommuApplication    : Started CommuApplication in 5.657 seconds (JVM running for 8.497)
2020-04-10 10:12:54.163  INFO 52262 --- [scheduling-1] com.zaxxer.hikari.HikariDataSource       : HikariPool-1 - Start completed.
2020-04-10 10:12:54.179 DEBUG 52262 --- [scheduling-1] .Q.selectByExampleWithBLOBsWithRowbounds : ==>  Preparing: select id, title, gmt_create, gmt_modified, creator, comment_count, view_count, like_count, tag , description from question 
2020-04-10 10:12:54.206 DEBUG 52262 --- [scheduling-1] .Q.selectByExampleWithBLOBsWithRowbounds : ==> Parameters: 
2020-04-10 10:12:54.253 DEBUG 52262 --- [scheduling-1] .Q.selectByExampleWithBLOBsWithRowbounds : <==      Total: 3
2020-04-10 10:12:54.260  INFO 52262 --- [scheduling-1] com.luojianhua.commu.schedule.HotTag     : list question:1
2020-04-10 10:12:54.260  INFO 52262 --- [scheduling-1] com.luojianhua.commu.schedule.HotTag     : list question:2
2020-04-10 10:12:54.260  INFO 52262 --- [scheduling-1] com.luojianhua.commu.schedule.HotTag     : list question:3
2020-04-10 10:12:59.259  INFO 52262 --- [SpringContextShutdownHook] o.s.s.c.ThreadPoolTaskScheduler          : Shutting down ExecutorService 'taskScheduler'
2020-04-10 10:12:59.262  INFO 52262 --- [SpringContextShutdownHook] o.s.s.concurrent.ThreadPoolTaskExecutor  : Shutting down ExecutorService 'applicationTaskExecutor'
2020-04-10 10:12:59.265  INFO 52262 --- [SpringContextShutdownHook] com.zaxxer.hikari.HikariDataSource       : HikariPool-1 - Shutdown initiated...
2020-04-10 10:12:59.278  INFO 52262 --- [SpringContextShutdownHook] com.zaxxer.hikari.HikariDataSource       : HikariPool-1 - Shutdown completed.
2020-04-10 10:29:08.507  INFO 52364 --- [main] c.l.commu.CommuApplicationTests          : Starting CommuApplicationTests on luojianhuadeMacBook-Air.local with PID 52364 (started by luojianhua in /Users/luojianhua/commu)
2020-04-10 10:29:08.513  INFO 52364 --- [main] c.l.commu.CommuApplicationTests          : No active profile set, falling back to default profiles: default
2020-04-10 10:29:13.327  INFO 52364 --- [main] o.s.s.concurrent.ThreadPoolTaskExecutor  : Initializing ExecutorService 'applicationTaskExecutor'
2020-04-10 10:29:13.647  INFO 52364 --- [main] o.s.b.a.w.s.WelcomePageHandlerMapping    : Adding welcome page template: index
2020-04-10 10:29:14.284  INFO 52364 --- [main] o.s.s.c.ThreadPoolTaskScheduler          : Initializing ExecutorService 'taskScheduler'
2020-04-10 10:29:14.451  INFO 52364 --- [scheduling-1] com.luojianhua.commu.schedule.HotTag     : The time is nowFri Apr 10 10:29:14 CST 2020
2020-04-10 10:29:14.467  INFO 52364 --- [main] c.l.commu.CommuApplicationTests          : Started CommuApplicationTests in 7.02 seconds (JVM running for 9.419)
2020-04-10 10:29:14.595  INFO 52364 --- [scheduling-1] com.zaxxer.hikari.HikariDataSource       : HikariPool-1 - Starting...
2020-04-10 10:29:15.199  INFO 52364 --- [scheduling-1] com.zaxxer.hikari.HikariDataSource       : HikariPool-1 - Start completed.
2020-04-10 10:29:15.247 DEBUG 52364 --- [scheduling-1] .Q.selectByExampleWithBLOBsWithRowbounds : ==>  Preparing: select id, title, gmt_create, gmt_modified, creator, comment_count, view_count, like_count, tag , description from question 
2020-04-10 10:29:15.449 DEBUG 52364 --- [scheduling-1] .Q.selectByExampleWithBLOBsWithRowbounds : ==> Parameters: 
2020-04-10 10:29:15.582 DEBUG 52364 --- [scheduling-1] .Q.selectByExampleWithBLOBsWithRowbounds : <==      Total: 3
2020-04-10 10:29:16.244  INFO 52364 --- [SpringContextShutdownHook] o.s.s.c.ThreadPoolTaskScheduler          : Shutting down ExecutorService 'taskScheduler'
2020-04-10 10:29:16.246  INFO 52364 --- [SpringContextShutdownHook] o.s.s.concurrent.ThreadPoolTaskExecutor  : Shutting down ExecutorService 'applicationTaskExecutor'
2020-04-10 10:29:16.248  INFO 52364 --- [SpringContextShutdownHook] com.zaxxer.hikari.HikariDataSource       : HikariPool-1 - Shutdown initiated...
2020-04-10 10:29:16.273  INFO 52364 --- [SpringContextShutdownHook] com.zaxxer.hikari.HikariDataSource       : HikariPool-1 - Shutdown completed.
2020-04-10 10:29:23.664  INFO 52376 --- [main] com.luojianhua.commu.CommuApplication    : Starting CommuApplication on luojianhuadeMacBook-Air.local with PID 52376 (/Users/luojianhua/commu/target/classes started by luojianhua in /Users/luojianhua/commu)
2020-04-10 10:29:23.677  INFO 52376 --- [main] com.luojianhua.commu.CommuApplication    : No active profile set, falling back to default profiles: default
2020-04-10 10:29:25.721  INFO 52376 --- [main] o.s.b.w.embedded.tomcat.TomcatWebServer  : Tomcat initialized with port(s): 8887 (http)
2020-04-10 10:29:25.741  INFO 52376 --- [main] o.apache.catalina.core.StandardService   : Starting service [Tomcat]
2020-04-10 10:29:25.741  INFO 52376 --- [main] org.apache.catalina.core.StandardEngine  : Starting Servlet engine: [Apache Tomcat/9.0.31]
2020-04-10 10:29:25.889  INFO 52376 --- [main] o.a.c.c.C.[Tomcat].[localhost].[/]       : Initializing Spring embedded WebApplicationContext
2020-04-10 10:29:25.890  INFO 52376 --- [main] o.s.web.context.ContextLoader            : Root WebApplicationContext: initialization completed in 2100 ms
2020-04-10 10:29:27.212  INFO 52376 --- [main] o.s.s.concurrent.ThreadPoolTaskExecutor  : Initializing ExecutorService 'applicationTaskExecutor'
2020-04-10 10:29:27.486  INFO 52376 --- [main] o.s.b.a.w.s.WelcomePageHandlerMapping    : Adding welcome page template: index
2020-04-10 10:29:27.791  INFO 52376 --- [main] o.s.s.c.ThreadPoolTaskScheduler          : Initializing ExecutorService 'taskScheduler'
2020-04-10 10:29:27.867  INFO 52376 --- [scheduling-1] com.luojianhua.commu.schedule.HotTag     : The time is nowFri Apr 10 10:29:27 CST 2020
2020-04-10 10:29:27.950  INFO 52376 --- [scheduling-1] com.zaxxer.hikari.HikariDataSource       : HikariPool-1 - Starting...
2020-04-10 10:29:28.055  INFO 52376 --- [main] o.s.b.w.embedded.tomcat.TomcatWebServer  : Tomcat started on port(s): 8887 (http) with context path ''
2020-04-10 10:29:28.064  INFO 52376 --- [main] com.luojianhua.commu.CommuApplication    : Started CommuApplication in 5.316 seconds (JVM running for 7.302)
2020-04-10 10:29:28.297  INFO 52376 --- [scheduling-1] com.zaxxer.hikari.HikariDataSource       : HikariPool-1 - Start completed.
2020-04-10 10:29:28.322 DEBUG 52376 --- [scheduling-1] .Q.selectByExampleWithBLOBsWithRowbounds : ==>  Preparing: select id, title, gmt_create, gmt_modified, creator, comment_count, view_count, like_count, tag , description from question 
2020-04-10 10:29:28.361 DEBUG 52376 --- [scheduling-1] .Q.selectByExampleWithBLOBsWithRowbounds : ==> Parameters: 
2020-04-10 10:29:28.398 DEBUG 52376 --- [scheduling-1] .Q.selectByExampleWithBLOBsWithRowbounds : <==      Total: 3
2020-04-10 10:29:37.870  INFO 52376 --- [scheduling-1] com.luojianhua.commu.schedule.HotTag     : The time is nowFri Apr 10 10:29:37 CST 2020
2020-04-10 10:29:37.872 DEBUG 52376 --- [scheduling-1] .Q.selectByExampleWithBLOBsWithRowbounds : ==>  Preparing: select id, title, gmt_create, gmt_modified, creator, comment_count, view_count, like_count, tag , description from question 
2020-04-10 10:29:37.873 DEBUG 52376 --- [scheduling-1] .Q.selectByExampleWithBLOBsWithRowbounds : ==> Parameters: 
2020-04-10 10:29:37.880 DEBUG 52376 --- [scheduling-1] .Q.selectByExampleWithBLOBsWithRowbounds : <==      Total: 3
2020-04-10 10:29:47.870  INFO 52376 --- [scheduling-1] com.luojianhua.commu.schedule.HotTag     : The time is nowFri Apr 10 10:29:47 CST 2020
2020-04-10 10:29:47.872 DEBUG 52376 --- [scheduling-1] .Q.selectByExampleWithBLOBsWithRowbounds : ==>  Preparing: select id, title, gmt_create, gmt_modified, creator, comment_count, view_count, like_count, tag , description from question 
2020-04-10 10:29:47.873 DEBUG 52376 --- [scheduling-1] .Q.selectByExampleWithBLOBsWithRowbounds : ==> Parameters: 
2020-04-10 10:29:47.877 DEBUG 52376 --- [scheduling-1] .Q.selectByExampleWithBLOBsWithRowbounds : <==      Total: 3
2020-04-10 10:29:53.392  INFO 52376 --- [SpringContextShutdownHook] o.s.s.c.ThreadPoolTaskScheduler          : Shutting down ExecutorService 'taskScheduler'
2020-04-10 10:29:53.400  INFO 52376 --- [SpringContextShutdownHook] o.s.s.concurrent.ThreadPoolTaskExecutor  : Shutting down ExecutorService 'applicationTaskExecutor'
2020-04-10 10:29:53.402  INFO 52376 --- [SpringContextShutdownHook] com.zaxxer.hikari.HikariDataSource       : HikariPool-1 - Shutdown initiated...
2020-04-10 10:29:53.413  INFO 52376 --- [SpringContextShutdownHook] com.zaxxer.hikari.HikariDataSource       : HikariPool-1 - Shutdown completed.
2020-04-10 10:45:34.417  INFO 52423 --- [main] c.l.commu.CommuApplicationTests          : Starting CommuApplicationTests on luojianhuadeMacBook-Air.local with PID 52423 (started by luojianhua in /Users/luojianhua/commu)
2020-04-10 10:45:34.420  INFO 52423 --- [main] c.l.commu.CommuApplicationTests          : No active profile set, falling back to default profiles: default
2020-04-10 10:45:38.981  INFO 52423 --- [main] o.s.s.concurrent.ThreadPoolTaskExecutor  : Initializing ExecutorService 'applicationTaskExecutor'
2020-04-10 10:45:39.219  INFO 52423 --- [main] o.s.b.a.w.s.WelcomePageHandlerMapping    : Adding welcome page template: index
2020-04-10 10:45:39.660  INFO 52423 --- [main] o.s.s.c.ThreadPoolTaskScheduler          : Initializing ExecutorService 'taskScheduler'
2020-04-10 10:45:39.781  INFO 52423 --- [scheduling-1] com.luojianhua.commu.schedule.HotTag     : The time is nowFri Apr 10 10:45:39 CST 2020
2020-04-10 10:45:39.791  INFO 52423 --- [main] c.l.commu.CommuApplicationTests          : Started CommuApplicationTests in 6.155 seconds (JVM running for 8.311)
2020-04-10 10:45:39.879  INFO 52423 --- [scheduling-1] com.zaxxer.hikari.HikariDataSource       : HikariPool-1 - Starting...
2020-04-10 10:45:40.387  INFO 52423 --- [scheduling-1] com.zaxxer.hikari.HikariDataSource       : HikariPool-1 - Start completed.
2020-04-10 10:45:40.411 DEBUG 52423 --- [scheduling-1] .Q.selectByExampleWithBLOBsWithRowbounds : ==>  Preparing: select id, title, gmt_create, gmt_modified, creator, comment_count, view_count, like_count, tag , description from question 
2020-04-10 10:45:40.489 DEBUG 52423 --- [scheduling-1] .Q.selectByExampleWithBLOBsWithRowbounds : ==> Parameters: 
2020-04-10 10:45:40.606 DEBUG 52423 --- [scheduling-1] .Q.selectByExampleWithBLOBsWithRowbounds : <==      Total: 3
2020-04-10 10:45:41.227  INFO 52423 --- [SpringContextShutdownHook] o.s.s.c.ThreadPoolTaskScheduler          : Shutting down ExecutorService 'taskScheduler'
2020-04-10 10:45:41.228  INFO 52423 --- [SpringContextShutdownHook] o.s.s.concurrent.ThreadPoolTaskExecutor  : Shutting down ExecutorService 'applicationTaskExecutor'
2020-04-10 10:45:41.231  INFO 52423 --- [SpringContextShutdownHook] com.zaxxer.hikari.HikariDataSource       : HikariPool-1 - Shutdown initiated...
2020-04-10 10:45:41.249  INFO 52423 --- [SpringContextShutdownHook] com.zaxxer.hikari.HikariDataSource       : HikariPool-1 - Shutdown completed.
2020-04-10 10:45:47.682  INFO 52439 --- [main] com.luojianhua.commu.CommuApplication    : Starting CommuApplication on luojianhuadeMacBook-Air.local with PID 52439 (/Users/luojianhua/commu/target/classes started by luojianhua in /Users/luojianhua/commu)
2020-04-10 10:45:47.690  INFO 52439 --- [main] com.luojianhua.commu.CommuApplication    : No active profile set, falling back to default profiles: default
2020-04-10 10:45:50.018  INFO 52439 --- [main] o.s.b.w.embedded.tomcat.TomcatWebServer  : Tomcat initialized with port(s): 8887 (http)
2020-04-10 10:45:50.032  INFO 52439 --- [main] o.apache.catalina.core.StandardService   : Starting service [Tomcat]
2020-04-10 10:45:50.032  INFO 52439 --- [main] org.apache.catalina.core.StandardEngine  : Starting Servlet engine: [Apache Tomcat/9.0.31]
2020-04-10 10:45:50.192  INFO 52439 --- [main] o.a.c.c.C.[Tomcat].[localhost].[/]       : Initializing Spring embedded WebApplicationContext
2020-04-10 10:45:50.193  INFO 52439 --- [main] o.s.web.context.ContextLoader            : Root WebApplicationContext: initialization completed in 2242 ms
2020-04-10 10:45:51.085  INFO 52439 --- [main] o.s.s.concurrent.ThreadPoolTaskExecutor  : Initializing ExecutorService 'applicationTaskExecutor'
2020-04-10 10:45:51.312  INFO 52439 --- [main] o.s.b.a.w.s.WelcomePageHandlerMapping    : Adding welcome page template: index
2020-04-10 10:45:51.523  INFO 52439 --- [main] o.s.s.c.ThreadPoolTaskScheduler          : Initializing ExecutorService 'taskScheduler'
2020-04-10 10:45:51.576  INFO 52439 --- [scheduling-1] com.luojianhua.commu.schedule.HotTag     : The time is nowFri Apr 10 10:45:51 CST 2020
2020-04-10 10:45:51.630  INFO 52439 --- [scheduling-1] com.zaxxer.hikari.HikariDataSource       : HikariPool-1 - Starting...
2020-04-10 10:45:51.631  INFO 52439 --- [main] o.s.b.w.embedded.tomcat.TomcatWebServer  : Tomcat started on port(s): 8887 (http) with context path ''
2020-04-10 10:45:51.637  INFO 52439 --- [main] com.luojianhua.commu.CommuApplication    : Started CommuApplication in 4.892 seconds (JVM running for 6.541)
2020-04-10 10:45:51.859  INFO 52439 --- [scheduling-1] com.zaxxer.hikari.HikariDataSource       : HikariPool-1 - Start completed.
2020-04-10 10:45:51.870 DEBUG 52439 --- [scheduling-1] .Q.selectByExampleWithBLOBsWithRowbounds : ==>  Preparing: select id, title, gmt_create, gmt_modified, creator, comment_count, view_count, like_count, tag , description from question 
2020-04-10 10:45:51.897 DEBUG 52439 --- [scheduling-1] .Q.selectByExampleWithBLOBsWithRowbounds : ==> Parameters: 
2020-04-10 10:45:51.939 DEBUG 52439 --- [scheduling-1] .Q.selectByExampleWithBLOBsWithRowbounds : <==      Total: 3
2020-04-10 10:46:01.579  INFO 52439 --- [scheduling-1] com.luojianhua.commu.schedule.HotTag     : The time is nowFri Apr 10 10:46:01 CST 2020
2020-04-10 10:46:01.581 DEBUG 52439 --- [scheduling-1] .Q.selectByExampleWithBLOBsWithRowbounds : ==>  Preparing: select id, title, gmt_create, gmt_modified, creator, comment_count, view_count, like_count, tag , description from question 
2020-04-10 10:46:01.582 DEBUG 52439 --- [scheduling-1] .Q.selectByExampleWithBLOBsWithRowbounds : ==> Parameters: 
2020-04-10 10:46:01.589 DEBUG 52439 --- [scheduling-1] .Q.selectByExampleWithBLOBsWithRowbounds : <==      Total: 3
2020-04-10 10:46:11.578  INFO 52439 --- [scheduling-1] com.luojianhua.commu.schedule.HotTag     : The time is nowFri Apr 10 10:46:11 CST 2020
2020-04-10 10:46:11.579 DEBUG 52439 --- [scheduling-1] .Q.selectByExampleWithBLOBsWithRowbounds : ==>  Preparing: select id, title, gmt_create, gmt_modified, creator, comment_count, view_count, like_count, tag , description from question 
2020-04-10 10:46:11.580 DEBUG 52439 --- [scheduling-1] .Q.selectByExampleWithBLOBsWithRowbounds : ==> Parameters: 
2020-04-10 10:46:11.582 DEBUG 52439 --- [scheduling-1] .Q.selectByExampleWithBLOBsWithRowbounds : <==      Total: 3
2020-04-10 10:46:21.580  INFO 52439 --- [scheduling-1] com.luojianhua.commu.schedule.HotTag     : The time is nowFri Apr 10 10:46:21 CST 2020
2020-04-10 10:46:21.581 DEBUG 52439 --- [scheduling-1] .Q.selectByExampleWithBLOBsWithRowbounds : ==>  Preparing: select id, title, gmt_create, gmt_modified, creator, comment_count, view_count, like_count, tag , description from question 
2020-04-10 10:46:21.581 DEBUG 52439 --- [scheduling-1] .Q.selectByExampleWithBLOBsWithRowbounds : ==> Parameters: 
2020-04-10 10:46:21.585 DEBUG 52439 --- [scheduling-1] .Q.selectByExampleWithBLOBsWithRowbounds : <==      Total: 3
2020-04-10 10:46:26.269  INFO 52439 --- [SpringContextShutdownHook] o.s.s.c.ThreadPoolTaskScheduler          : Shutting down ExecutorService 'taskScheduler'
2020-04-10 10:46:26.278  INFO 52439 --- [SpringContextShutdownHook] o.s.s.concurrent.ThreadPoolTaskExecutor  : Shutting down ExecutorService 'applicationTaskExecutor'
2020-04-10 10:46:26.280  INFO 52439 --- [SpringContextShutdownHook] com.zaxxer.hikari.HikariDataSource       : HikariPool-1 - Shutdown initiated...
2020-04-10 10:46:26.289  INFO 52439 --- [SpringContextShutdownHook] com.zaxxer.hikari.HikariDataSource       : HikariPool-1 - Shutdown completed.
2020-04-10 12:24:37.092  INFO 52623 --- [main] c.l.commu.CommuApplicationTests          : Starting CommuApplicationTests on luojianhuadeMacBook-Air.local with PID 52623 (started by luojianhua in /Users/luojianhua/commu)
2020-04-10 12:24:37.097  INFO 52623 --- [main] c.l.commu.CommuApplicationTests          : No active profile set, falling back to default profiles: default
2020-04-10 12:24:41.247  INFO 52623 --- [main] o.s.s.concurrent.ThreadPoolTaskExecutor  : Initializing ExecutorService 'applicationTaskExecutor'
2020-04-10 12:24:41.515  INFO 52623 --- [main] o.s.b.a.w.s.WelcomePageHandlerMapping    : Adding welcome page template: index
2020-04-10 12:24:41.982  INFO 52623 --- [main] o.s.s.c.ThreadPoolTaskScheduler          : Initializing ExecutorService 'taskScheduler'
2020-04-10 12:24:42.102  INFO 52623 --- [scheduling-1] com.luojianhua.commu.schedule.HotTag     : The time is nowFri Apr 10 12:24:42 CST 2020
2020-04-10 12:24:42.112  INFO 52623 --- [main] c.l.commu.CommuApplicationTests          : Started CommuApplicationTests in 5.953 seconds (JVM running for 8.506)
2020-04-10 12:24:42.180  INFO 52623 --- [scheduling-1] com.zaxxer.hikari.HikariDataSource       : HikariPool-1 - Starting...
2020-04-10 12:24:42.666  INFO 52623 --- [scheduling-1] com.zaxxer.hikari.HikariDataSource       : HikariPool-1 - Start completed.
2020-04-10 12:24:42.696 DEBUG 52623 --- [scheduling-1] .Q.selectByExampleWithBLOBsWithRowbounds : ==>  Preparing: select id, title, gmt_create, gmt_modified, creator, comment_count, view_count, like_count, tag , description from question 
2020-04-10 12:24:42.797 DEBUG 52623 --- [scheduling-1] .Q.selectByExampleWithBLOBsWithRowbounds : ==> Parameters: 
2020-04-10 12:24:42.945 DEBUG 52623 --- [scheduling-1] .Q.selectByExampleWithBLOBsWithRowbounds : <==      Total: 3
2020-04-10 12:24:43.748  INFO 52623 --- [SpringContextShutdownHook] o.s.s.c.ThreadPoolTaskScheduler          : Shutting down ExecutorService 'taskScheduler'
2020-04-10 12:24:43.749  INFO 52623 --- [SpringContextShutdownHook] o.s.s.concurrent.ThreadPoolTaskExecutor  : Shutting down ExecutorService 'applicationTaskExecutor'
2020-04-10 12:24:43.752  INFO 52623 --- [SpringContextShutdownHook] com.zaxxer.hikari.HikariDataSource       : HikariPool-1 - Shutdown initiated...
2020-04-10 12:24:43.765  INFO 52623 --- [SpringContextShutdownHook] com.zaxxer.hikari.HikariDataSource       : HikariPool-1 - Shutdown completed.
2020-04-10 12:24:51.262  INFO 52635 --- [main] com.luojianhua.commu.CommuApplication    : Starting CommuApplication on luojianhuadeMacBook-Air.local with PID 52635 (/Users/luojianhua/commu/target/classes started by luojianhua in /Users/luojianhua/commu)
2020-04-10 12:24:51.270  INFO 52635 --- [main] com.luojianhua.commu.CommuApplication    : No active profile set, falling back to default profiles: default
2020-04-10 12:24:53.178  INFO 52635 --- [main] o.s.b.w.embedded.tomcat.TomcatWebServer  : Tomcat initialized with port(s): 8887 (http)
2020-04-10 12:24:53.193  INFO 52635 --- [main] o.apache.catalina.core.StandardService   : Starting service [Tomcat]
2020-04-10 12:24:53.194  INFO 52635 --- [main] org.apache.catalina.core.StandardEngine  : Starting Servlet engine: [Apache Tomcat/9.0.31]
2020-04-10 12:24:53.326  INFO 52635 --- [main] o.a.c.c.C.[Tomcat].[localhost].[/]       : Initializing Spring embedded WebApplicationContext
2020-04-10 12:24:53.326  INFO 52635 --- [main] o.s.web.context.ContextLoader            : Root WebApplicationContext: initialization completed in 1928 ms
2020-04-10 12:24:54.149  INFO 52635 --- [main] o.s.s.concurrent.ThreadPoolTaskExecutor  : Initializing ExecutorService 'applicationTaskExecutor'
2020-04-10 12:24:54.357  INFO 52635 --- [main] o.s.b.a.w.s.WelcomePageHandlerMapping    : Adding welcome page template: index
2020-04-10 12:24:54.579  INFO 52635 --- [main] o.s.s.c.ThreadPoolTaskScheduler          : Initializing ExecutorService 'taskScheduler'
2020-04-10 12:24:54.631  INFO 52635 --- [scheduling-1] com.luojianhua.commu.schedule.HotTag     : The time is nowFri Apr 10 12:24:54 CST 2020
2020-04-10 12:24:54.690  INFO 52635 --- [scheduling-1] com.zaxxer.hikari.HikariDataSource       : HikariPool-1 - Starting...
2020-04-10 12:24:54.694  INFO 52635 --- [main] o.s.b.w.embedded.tomcat.TomcatWebServer  : Tomcat started on port(s): 8887 (http) with context path ''
2020-04-10 12:24:54.702  INFO 52635 --- [main] com.luojianhua.commu.CommuApplication    : Started CommuApplication in 4.38 seconds (JVM running for 6.358)
2020-04-10 12:24:54.921  INFO 52635 --- [scheduling-1] com.zaxxer.hikari.HikariDataSource       : HikariPool-1 - Start completed.
2020-04-10 12:24:54.935 DEBUG 52635 --- [scheduling-1] .Q.selectByExampleWithBLOBsWithRowbounds : ==>  Preparing: select id, title, gmt_create, gmt_modified, creator, comment_count, view_count, like_count, tag , description from question 
2020-04-10 12:24:54.964 DEBUG 52635 --- [scheduling-1] .Q.selectByExampleWithBLOBsWithRowbounds : ==> Parameters: 
2020-04-10 12:24:55.001 DEBUG 52635 --- [scheduling-1] .Q.selectByExampleWithBLOBsWithRowbounds : <==      Total: 3
2020-04-10 12:25:04.634  INFO 52635 --- [scheduling-1] com.luojianhua.commu.schedule.HotTag     : The time is nowFri Apr 10 12:25:04 CST 2020
2020-04-10 12:25:04.636 DEBUG 52635 --- [scheduling-1] .Q.selectByExampleWithBLOBsWithRowbounds : ==>  Preparing: select id, title, gmt_create, gmt_modified, creator, comment_count, view_count, like_count, tag , description from question 
2020-04-10 12:25:04.637 DEBUG 52635 --- [scheduling-1] .Q.selectByExampleWithBLOBsWithRowbounds : ==> Parameters: 
2020-04-10 12:25:04.644 DEBUG 52635 --- [scheduling-1] .Q.selectByExampleWithBLOBsWithRowbounds : <==      Total: 3
2020-04-10 12:25:14.634  INFO 52635 --- [scheduling-1] com.luojianhua.commu.schedule.HotTag     : The time is nowFri Apr 10 12:25:14 CST 2020
2020-04-10 12:25:14.636 DEBUG 52635 --- [scheduling-1] .Q.selectByExampleWithBLOBsWithRowbounds : ==>  Preparing: select id, title, gmt_create, gmt_modified, creator, comment_count, view_count, like_count, tag , description from question 
2020-04-10 12:25:14.637 DEBUG 52635 --- [scheduling-1] .Q.selectByExampleWithBLOBsWithRowbounds : ==> Parameters: 
2020-04-10 12:25:14.642 DEBUG 52635 --- [scheduling-1] .Q.selectByExampleWithBLOBsWithRowbounds : <==      Total: 3
2020-04-10 12:25:18.299  INFO 52635 --- [SpringContextShutdownHook] o.s.s.c.ThreadPoolTaskScheduler          : Shutting down ExecutorService 'taskScheduler'
2020-04-10 12:25:18.302  INFO 52635 --- [SpringContextShutdownHook] o.s.s.concurrent.ThreadPoolTaskExecutor  : Shutting down ExecutorService 'applicationTaskExecutor'
2020-04-10 12:25:18.304  INFO 52635 --- [SpringContextShutdownHook] com.zaxxer.hikari.HikariDataSource       : HikariPool-1 - Shutdown initiated...
2020-04-10 12:25:18.318  INFO 52635 --- [SpringContextShutdownHook] com.zaxxer.hikari.HikariDataSource       : HikariPool-1 - Shutdown completed.
2020-04-10 12:27:08.190  INFO 52649 --- [main] c.l.commu.CommuApplicationTests          : Starting CommuApplicationTests on luojianhuadeMacBook-Air.local with PID 52649 (started by luojianhua in /Users/luojianhua/commu)
2020-04-10 12:27:08.195  INFO 52649 --- [main] c.l.commu.CommuApplicationTests          : No active profile set, falling back to default profiles: default
2020-04-10 12:27:12.247  INFO 52649 --- [main] o.s.s.concurrent.ThreadPoolTaskExecutor  : Initializing ExecutorService 'applicationTaskExecutor'
2020-04-10 12:27:12.453  INFO 52649 --- [main] o.s.b.a.w.s.WelcomePageHandlerMapping    : Adding welcome page template: index
2020-04-10 12:27:12.851  INFO 52649 --- [main] o.s.s.c.ThreadPoolTaskScheduler          : Initializing ExecutorService 'taskScheduler'
2020-04-10 12:27:12.948  INFO 52649 --- [scheduling-1] com.luojianhua.commu.schedule.HotTag     : The time is nowFri Apr 10 12:27:12 CST 2020
2020-04-10 12:27:12.956  INFO 52649 --- [main] c.l.commu.CommuApplicationTests          : Started CommuApplicationTests in 5.682 seconds (JVM running for 8.234)
2020-04-10 12:27:13.025  INFO 52649 --- [scheduling-1] com.zaxxer.hikari.HikariDataSource       : HikariPool-1 - Starting...
2020-04-10 12:27:13.450  INFO 52649 --- [scheduling-1] com.zaxxer.hikari.HikariDataSource       : HikariPool-1 - Start completed.
2020-04-10 12:27:13.473 DEBUG 52649 --- [scheduling-1] .Q.selectByExampleWithBLOBsWithRowbounds : ==>  Preparing: select id, title, gmt_create, gmt_modified, creator, comment_count, view_count, like_count, tag , description from question 
2020-04-10 12:27:13.567 DEBUG 52649 --- [scheduling-1] .Q.selectByExampleWithBLOBsWithRowbounds : ==> Parameters: 
2020-04-10 12:27:13.679 DEBUG 52649 --- [scheduling-1] .Q.selectByExampleWithBLOBsWithRowbounds : <==      Total: 3
2020-04-10 12:27:14.343  INFO 52649 --- [SpringContextShutdownHook] o.s.s.c.ThreadPoolTaskScheduler          : Shutting down ExecutorService 'taskScheduler'
2020-04-10 12:27:14.344  INFO 52649 --- [SpringContextShutdownHook] o.s.s.concurrent.ThreadPoolTaskExecutor  : Shutting down ExecutorService 'applicationTaskExecutor'
2020-04-10 12:27:14.347  INFO 52649 --- [SpringContextShutdownHook] com.zaxxer.hikari.HikariDataSource       : HikariPool-1 - Shutdown initiated...
2020-04-10 12:27:14.363  INFO 52649 --- [SpringContextShutdownHook] com.zaxxer.hikari.HikariDataSource       : HikariPool-1 - Shutdown completed.
2020-04-10 12:27:20.690  INFO 52667 --- [main] com.luojianhua.commu.CommuApplication    : Starting CommuApplication on luojianhuadeMacBook-Air.local with PID 52667 (/Users/luojianhua/commu/target/classes started by luojianhua in /Users/luojianhua/commu)
2020-04-10 12:27:20.696  INFO 52667 --- [main] com.luojianhua.commu.CommuApplication    : No active profile set, falling back to default profiles: default
2020-04-10 12:27:22.623  INFO 52667 --- [main] o.s.b.w.embedded.tomcat.TomcatWebServer  : Tomcat initialized with port(s): 8887 (http)
2020-04-10 12:27:22.636  INFO 52667 --- [main] o.apache.catalina.core.StandardService   : Starting service [Tomcat]
2020-04-10 12:27:22.636  INFO 52667 --- [main] org.apache.catalina.core.StandardEngine  : Starting Servlet engine: [Apache Tomcat/9.0.31]
2020-04-10 12:27:22.773  INFO 52667 --- [main] o.a.c.c.C.[Tomcat].[localhost].[/]       : Initializing Spring embedded WebApplicationContext
2020-04-10 12:27:22.774  INFO 52667 --- [main] o.s.web.context.ContextLoader            : Root WebApplicationContext: initialization completed in 1980 ms
2020-04-10 12:27:24.333  INFO 52667 --- [main] o.s.s.concurrent.ThreadPoolTaskExecutor  : Initializing ExecutorService 'applicationTaskExecutor'
2020-04-10 12:27:24.868  INFO 52667 --- [main] o.s.b.a.w.s.WelcomePageHandlerMapping    : Adding welcome page template: index
2020-04-10 12:27:25.545  INFO 52667 --- [main] o.s.s.c.ThreadPoolTaskScheduler          : Initializing ExecutorService 'taskScheduler'
2020-04-10 12:27:25.609  INFO 52667 --- [scheduling-1] com.luojianhua.commu.schedule.HotTag     : The time is nowFri Apr 10 12:27:25 CST 2020
2020-04-10 12:27:25.670  INFO 52667 --- [scheduling-1] com.zaxxer.hikari.HikariDataSource       : HikariPool-1 - Starting...
2020-04-10 12:27:25.699  INFO 52667 --- [main] o.s.b.w.embedded.tomcat.TomcatWebServer  : Tomcat started on port(s): 8887 (http) with context path ''
2020-04-10 12:27:25.711  INFO 52667 --- [main] com.luojianhua.commu.CommuApplication    : Started CommuApplication in 5.646 seconds (JVM running for 7.512)
2020-04-10 12:27:25.931  INFO 52667 --- [scheduling-1] com.zaxxer.hikari.HikariDataSource       : HikariPool-1 - Start completed.
2020-04-10 12:27:25.943 DEBUG 52667 --- [scheduling-1] .Q.selectByExampleWithBLOBsWithRowbounds : ==>  Preparing: select id, title, gmt_create, gmt_modified, creator, comment_count, view_count, like_count, tag , description from question 
2020-04-10 12:27:25.973 DEBUG 52667 --- [scheduling-1] .Q.selectByExampleWithBLOBsWithRowbounds : ==> Parameters: 
2020-04-10 12:27:26.001 DEBUG 52667 --- [scheduling-1] .Q.selectByExampleWithBLOBsWithRowbounds : <==      Total: 3
2020-04-10 12:27:35.610  INFO 52667 --- [scheduling-1] com.luojianhua.commu.schedule.HotTag     : The time is nowFri Apr 10 12:27:35 CST 2020
2020-04-10 12:27:35.614 DEBUG 52667 --- [scheduling-1] .Q.selectByExampleWithBLOBsWithRowbounds : ==>  Preparing: select id, title, gmt_create, gmt_modified, creator, comment_count, view_count, like_count, tag , description from question 
2020-04-10 12:27:35.615 DEBUG 52667 --- [scheduling-1] .Q.selectByExampleWithBLOBsWithRowbounds : ==> Parameters: 
2020-04-10 12:27:35.626 DEBUG 52667 --- [scheduling-1] .Q.selectByExampleWithBLOBsWithRowbounds : <==      Total: 3
2020-04-10 12:27:40.547  INFO 52667 --- [SpringContextShutdownHook] o.s.s.c.ThreadPoolTaskScheduler          : Shutting down ExecutorService 'taskScheduler'
2020-04-10 12:27:40.553  INFO 52667 --- [SpringContextShutdownHook] o.s.s.concurrent.ThreadPoolTaskExecutor  : Shutting down ExecutorService 'applicationTaskExecutor'
2020-04-10 12:27:40.556  INFO 52667 --- [SpringContextShutdownHook] com.zaxxer.hikari.HikariDataSource       : HikariPool-1 - Shutdown initiated...
2020-04-10 12:27:40.576  INFO 52667 --- [SpringContextShutdownHook] com.zaxxer.hikari.HikariDataSource       : HikariPool-1 - Shutdown completed.
2020-04-10 12:28:00.969  INFO 52680 --- [main] c.l.commu.CommuApplicationTests          : Starting CommuApplicationTests on luojianhuadeMacBook-Air.local with PID 52680 (started by luojianhua in /Users/luojianhua/commu)
2020-04-10 12:28:00.975  INFO 52680 --- [main] c.l.commu.CommuApplicationTests          : No active profile set, falling back to default profiles: default
2020-04-10 12:28:04.776  INFO 52680 --- [main] o.s.s.concurrent.ThreadPoolTaskExecutor  : Initializing ExecutorService 'applicationTaskExecutor'
2020-04-10 12:28:04.959  INFO 52680 --- [main] o.s.b.a.w.s.WelcomePageHandlerMapping    : Adding welcome page template: index
2020-04-10 12:28:05.457  INFO 52680 --- [main] o.s.s.c.ThreadPoolTaskScheduler          : Initializing ExecutorService 'taskScheduler'
2020-04-10 12:28:05.603  INFO 52680 --- [scheduling-1] com.luojianhua.commu.schedule.HotTag     : The time is nowFri Apr 10 12:28:05 CST 2020
2020-04-10 12:28:05.627  INFO 52680 --- [main] c.l.commu.CommuApplicationTests          : Started CommuApplicationTests in 5.252 seconds (JVM running for 7.413)
2020-04-10 12:28:05.735  INFO 52680 --- [scheduling-1] com.zaxxer.hikari.HikariDataSource       : HikariPool-1 - Starting...
2020-04-10 12:28:06.095  INFO 52680 --- [scheduling-1] com.zaxxer.hikari.HikariDataSource       : HikariPool-1 - Start completed.
2020-04-10 12:28:06.116 DEBUG 52680 --- [scheduling-1] .Q.selectByExampleWithBLOBsWithRowbounds : ==>  Preparing: select id, title, gmt_create, gmt_modified, creator, comment_count, view_count, like_count, tag , description from question 
2020-04-10 12:28:06.182 DEBUG 52680 --- [scheduling-1] .Q.selectByExampleWithBLOBsWithRowbounds : ==> Parameters: 
2020-04-10 12:28:06.267 DEBUG 52680 --- [scheduling-1] .Q.selectByExampleWithBLOBsWithRowbounds : <==      Total: 3
2020-04-10 12:28:08.338  INFO 52680 --- [SpringContextShutdownHook] o.s.s.c.ThreadPoolTaskScheduler          : Shutting down ExecutorService 'taskScheduler'
2020-04-10 12:28:08.341  INFO 52680 --- [SpringContextShutdownHook] o.s.s.concurrent.ThreadPoolTaskExecutor  : Shutting down ExecutorService 'applicationTaskExecutor'
2020-04-10 12:28:08.344  INFO 52680 --- [SpringContextShutdownHook] com.zaxxer.hikari.HikariDataSource       : HikariPool-1 - Shutdown initiated...
2020-04-10 12:28:08.354  INFO 52680 --- [SpringContextShutdownHook] com.zaxxer.hikari.HikariDataSource       : HikariPool-1 - Shutdown completed.
2020-04-10 12:28:13.954  INFO 52693 --- [main] com.luojianhua.commu.CommuApplication    : Starting CommuApplication on luojianhuadeMacBook-Air.local with PID 52693 (/Users/luojianhua/commu/target/classes started by luojianhua in /Users/luojianhua/commu)
2020-04-10 12:28:13.961  INFO 52693 --- [main] com.luojianhua.commu.CommuApplication    : No active profile set, falling back to default profiles: default
2020-04-10 12:28:15.775  INFO 52693 --- [main] o.s.b.w.embedded.tomcat.TomcatWebServer  : Tomcat initialized with port(s): 8887 (http)
2020-04-10 12:28:15.788  INFO 52693 --- [main] o.apache.catalina.core.StandardService   : Starting service [Tomcat]
2020-04-10 12:28:15.788  INFO 52693 --- [main] org.apache.catalina.core.StandardEngine  : Starting Servlet engine: [Apache Tomcat/9.0.31]
2020-04-10 12:28:15.924  INFO 52693 --- [main] o.a.c.c.C.[Tomcat].[localhost].[/]       : Initializing Spring embedded WebApplicationContext
2020-04-10 12:28:15.925  INFO 52693 --- [main] o.s.web.context.ContextLoader            : Root WebApplicationContext: initialization completed in 1831 ms
2020-04-10 12:28:16.803  INFO 52693 --- [main] o.s.s.concurrent.ThreadPoolTaskExecutor  : Initializing ExecutorService 'applicationTaskExecutor'
2020-04-10 12:28:17.028  INFO 52693 --- [main] o.s.b.a.w.s.WelcomePageHandlerMapping    : Adding welcome page template: index
2020-04-10 12:28:17.233  INFO 52693 --- [main] o.s.s.c.ThreadPoolTaskScheduler          : Initializing ExecutorService 'taskScheduler'
2020-04-10 12:28:17.289  INFO 52693 --- [scheduling-1] com.luojianhua.commu.schedule.HotTag     : The time is nowFri Apr 10 12:28:17 CST 2020
2020-04-10 12:28:17.336  INFO 52693 --- [scheduling-1] com.zaxxer.hikari.HikariDataSource       : HikariPool-1 - Starting...
2020-04-10 12:28:17.351  INFO 52693 --- [main] o.s.b.w.embedded.tomcat.TomcatWebServer  : Tomcat started on port(s): 8887 (http) with context path ''
2020-04-10 12:28:17.366  INFO 52693 --- [main] com.luojianhua.commu.CommuApplication    : Started CommuApplication in 4.219 seconds (JVM running for 5.347)
2020-04-10 12:28:17.560  INFO 52693 --- [scheduling-1] com.zaxxer.hikari.HikariDataSource       : HikariPool-1 - Start completed.
2020-04-10 12:28:17.570 DEBUG 52693 --- [scheduling-1] .Q.selectByExampleWithBLOBsWithRowbounds : ==>  Preparing: select id, title, gmt_create, gmt_modified, creator, comment_count, view_count, like_count, tag , description from question 
2020-04-10 12:28:17.597 DEBUG 52693 --- [scheduling-1] .Q.selectByExampleWithBLOBsWithRowbounds : ==> Parameters: 
2020-04-10 12:28:17.627 DEBUG 52693 --- [scheduling-1] .Q.selectByExampleWithBLOBsWithRowbounds : <==      Total: 3
2020-04-10 12:28:27.289  INFO 52693 --- [scheduling-1] com.luojianhua.commu.schedule.HotTag     : The time is nowFri Apr 10 12:28:27 CST 2020
2020-04-10 12:28:27.292 DEBUG 52693 --- [scheduling-1] .Q.selectByExampleWithBLOBsWithRowbounds : ==>  Preparing: select id, title, gmt_create, gmt_modified, creator, comment_count, view_count, like_count, tag , description from question 
2020-04-10 12:28:27.293 DEBUG 52693 --- [scheduling-1] .Q.selectByExampleWithBLOBsWithRowbounds : ==> Parameters: 
2020-04-10 12:28:27.301 DEBUG 52693 --- [scheduling-1] .Q.selectByExampleWithBLOBsWithRowbounds : <==      Total: 3
2020-04-10 12:28:37.261  INFO 52693 --- [SpringContextShutdownHook] o.s.s.c.ThreadPoolTaskScheduler          : Shutting down ExecutorService 'taskScheduler'
2020-04-10 12:28:37.269  INFO 52693 --- [SpringContextShutdownHook] o.s.s.concurrent.ThreadPoolTaskExecutor  : Shutting down ExecutorService 'applicationTaskExecutor'
2020-04-10 12:28:37.272  INFO 52693 --- [SpringContextShutdownHook] com.zaxxer.hikari.HikariDataSource       : HikariPool-1 - Shutdown initiated...
2020-04-10 12:28:37.281  INFO 52693 --- [SpringContextShutdownHook] com.zaxxer.hikari.HikariDataSource       : HikariPool-1 - Shutdown completed.
2020-04-10 12:30:29.645  INFO 52719 --- [main] c.l.commu.CommuApplicationTests          : Starting CommuApplicationTests on luojianhuadeMacBook-Air.local with PID 52719 (started by luojianhua in /Users/luojianhua/commu)
2020-04-10 12:30:29.650  INFO 52719 --- [main] c.l.commu.CommuApplicationTests          : No active profile set, falling back to default profiles: default
2020-04-10 12:30:33.330  INFO 52719 --- [main] o.s.s.concurrent.ThreadPoolTaskExecutor  : Initializing ExecutorService 'applicationTaskExecutor'
2020-04-10 12:30:33.567  INFO 52719 --- [main] o.s.b.a.w.s.WelcomePageHandlerMapping    : Adding welcome page template: index
2020-04-10 12:30:34.080  INFO 52719 --- [main] o.s.s.c.ThreadPoolTaskScheduler          : Initializing ExecutorService 'taskScheduler'
2020-04-10 12:30:34.226  INFO 52719 --- [scheduling-1] com.luojianhua.commu.schedule.HotTag     : The time is nowFri Apr 10 12:30:34 CST 2020
2020-04-10 12:30:34.236  INFO 52719 --- [main] c.l.commu.CommuApplicationTests          : Started CommuApplicationTests in 5.38 seconds (JVM running for 7.497)
2020-04-10 12:30:34.344  INFO 52719 --- [scheduling-1] com.zaxxer.hikari.HikariDataSource       : HikariPool-1 - Starting...
2020-04-10 12:30:34.644  INFO 52719 --- [scheduling-1] com.zaxxer.hikari.HikariDataSource       : HikariPool-1 - Start completed.
2020-04-10 12:30:34.659 DEBUG 52719 --- [scheduling-1] .Q.selectByExampleWithBLOBsWithRowbounds : ==>  Preparing: select id, title, gmt_create, gmt_modified, creator, comment_count, view_count, like_count, tag , description from question 
2020-04-10 12:30:34.719 DEBUG 52719 --- [scheduling-1] .Q.selectByExampleWithBLOBsWithRowbounds : ==> Parameters: 
2020-04-10 12:30:34.805 DEBUG 52719 --- [scheduling-1] .Q.selectByExampleWithBLOBsWithRowbounds : <==      Total: 3
2020-04-10 12:30:35.615  INFO 52719 --- [SpringContextShutdownHook] o.s.s.c.ThreadPoolTaskScheduler          : Shutting down ExecutorService 'taskScheduler'
2020-04-10 12:30:35.619  INFO 52719 --- [SpringContextShutdownHook] o.s.s.concurrent.ThreadPoolTaskExecutor  : Shutting down ExecutorService 'applicationTaskExecutor'
2020-04-10 12:30:35.626  INFO 52719 --- [SpringContextShutdownHook] com.zaxxer.hikari.HikariDataSource       : HikariPool-1 - Shutdown initiated...
2020-04-10 12:30:35.671  INFO 52719 --- [SpringContextShutdownHook] com.zaxxer.hikari.HikariDataSource       : HikariPool-1 - Shutdown completed.
2020-04-10 12:30:42.136  INFO 52733 --- [main] com.luojianhua.commu.CommuApplication    : Starting CommuApplication on luojianhuadeMacBook-Air.local with PID 52733 (/Users/luojianhua/commu/target/classes started by luojianhua in /Users/luojianhua/commu)
2020-04-10 12:30:42.144  INFO 52733 --- [main] com.luojianhua.commu.CommuApplication    : No active profile set, falling back to default profiles: default
2020-04-10 12:30:43.766  INFO 52733 --- [main] o.s.b.w.embedded.tomcat.TomcatWebServer  : Tomcat initialized with port(s): 8887 (http)
2020-04-10 12:30:43.779  INFO 52733 --- [main] o.apache.catalina.core.StandardService   : Starting service [Tomcat]
2020-04-10 12:30:43.779  INFO 52733 --- [main] org.apache.catalina.core.StandardEngine  : Starting Servlet engine: [Apache Tomcat/9.0.31]
2020-04-10 12:30:43.907  INFO 52733 --- [main] o.a.c.c.C.[Tomcat].[localhost].[/]       : Initializing Spring embedded WebApplicationContext
2020-04-10 12:30:43.909  INFO 52733 --- [main] o.s.web.context.ContextLoader            : Root WebApplicationContext: initialization completed in 1666 ms
2020-04-10 12:30:44.749  INFO 52733 --- [main] o.s.s.concurrent.ThreadPoolTaskExecutor  : Initializing ExecutorService 'applicationTaskExecutor'
2020-04-10 12:30:44.942  INFO 52733 --- [main] o.s.b.a.w.s.WelcomePageHandlerMapping    : Adding welcome page template: index
2020-04-10 12:30:45.169  INFO 52733 --- [main] o.s.s.c.ThreadPoolTaskScheduler          : Initializing ExecutorService 'taskScheduler'
2020-04-10 12:30:45.234  INFO 52733 --- [scheduling-1] com.luojianhua.commu.schedule.HotTag     : The time is nowFri Apr 10 12:30:45 CST 2020
2020-04-10 12:30:45.286  INFO 52733 --- [scheduling-1] com.zaxxer.hikari.HikariDataSource       : HikariPool-1 - Starting...
2020-04-10 12:30:45.286  INFO 52733 --- [main] o.s.b.w.embedded.tomcat.TomcatWebServer  : Tomcat started on port(s): 8887 (http) with context path ''
2020-04-10 12:30:45.293  INFO 52733 --- [main] com.luojianhua.commu.CommuApplication    : Started CommuApplication in 3.83 seconds (JVM running for 5.002)
2020-04-10 12:30:45.509  INFO 52733 --- [scheduling-1] com.zaxxer.hikari.HikariDataSource       : HikariPool-1 - Start completed.
2020-04-10 12:30:45.518 DEBUG 52733 --- [scheduling-1] .Q.selectByExampleWithBLOBsWithRowbounds : ==>  Preparing: select id, title, gmt_create, gmt_modified, creator, comment_count, view_count, like_count, tag , description from question 
2020-04-10 12:30:45.547 DEBUG 52733 --- [scheduling-1] .Q.selectByExampleWithBLOBsWithRowbounds : ==> Parameters: 
2020-04-10 12:30:45.576 DEBUG 52733 --- [scheduling-1] .Q.selectByExampleWithBLOBsWithRowbounds : <==      Total: 3
2020-04-10 12:30:55.234  INFO 52733 --- [scheduling-1] com.luojianhua.commu.schedule.HotTag     : The time is nowFri Apr 10 12:30:55 CST 2020
2020-04-10 12:30:55.236 DEBUG 52733 --- [scheduling-1] .Q.selectByExampleWithBLOBsWithRowbounds : ==>  Preparing: select id, title, gmt_create, gmt_modified, creator, comment_count, view_count, like_count, tag , description from question 
2020-04-10 12:30:55.237 DEBUG 52733 --- [scheduling-1] .Q.selectByExampleWithBLOBsWithRowbounds : ==> Parameters: 
2020-04-10 12:30:55.243 DEBUG 52733 --- [scheduling-1] .Q.selectByExampleWithBLOBsWithRowbounds : <==      Total: 3
2020-04-10 12:31:00.380  INFO 52733 --- [SpringContextShutdownHook] o.s.s.c.ThreadPoolTaskScheduler          : Shutting down ExecutorService 'taskScheduler'
2020-04-10 12:31:00.385  INFO 52733 --- [SpringContextShutdownHook] o.s.s.concurrent.ThreadPoolTaskExecutor  : Shutting down ExecutorService 'applicationTaskExecutor'
2020-04-10 12:31:00.387  INFO 52733 --- [SpringContextShutdownHook] com.zaxxer.hikari.HikariDataSource       : HikariPool-1 - Shutdown initiated...
2020-04-10 12:31:00.398  INFO 52733 --- [SpringContextShutdownHook] com.zaxxer.hikari.HikariDataSource       : HikariPool-1 - Shutdown completed.
2020-04-10 12:31:24.066  INFO 52743 --- [main] c.l.commu.CommuApplicationTests          : Starting CommuApplicationTests on luojianhuadeMacBook-Air.local with PID 52743 (started by luojianhua in /Users/luojianhua/commu)
2020-04-10 12:31:24.069  INFO 52743 --- [main] c.l.commu.CommuApplicationTests          : No active profile set, falling back to default profiles: default
2020-04-10 12:31:27.086  INFO 52743 --- [main] o.s.s.concurrent.ThreadPoolTaskExecutor  : Initializing ExecutorService 'applicationTaskExecutor'
2020-04-10 12:31:27.248  INFO 52743 --- [main] o.s.b.a.w.s.WelcomePageHandlerMapping    : Adding welcome page template: index
2020-04-10 12:31:27.621  INFO 52743 --- [main] o.s.s.c.ThreadPoolTaskScheduler          : Initializing ExecutorService 'taskScheduler'
2020-04-10 12:31:27.703  INFO 52743 --- [scheduling-1] com.luojianhua.commu.schedule.HotTag     : The time is nowFri Apr 10 12:31:27 CST 2020
2020-04-10 12:31:27.722  INFO 52743 --- [main] c.l.commu.CommuApplicationTests          : Started CommuApplicationTests in 4.197 seconds (JVM running for 5.825)
2020-04-10 12:31:27.776  INFO 52743 --- [scheduling-1] com.zaxxer.hikari.HikariDataSource       : HikariPool-1 - Starting...
2020-04-10 12:31:28.056  INFO 52743 --- [scheduling-1] com.zaxxer.hikari.HikariDataSource       : HikariPool-1 - Start completed.
2020-04-10 12:31:28.075 DEBUG 52743 --- [scheduling-1] .Q.selectByExampleWithBLOBsWithRowbounds : ==>  Preparing: select id, title, gmt_create, gmt_modified, creator, comment_count, view_count, like_count, tag , description from question 
2020-04-10 12:31:28.134 DEBUG 52743 --- [scheduling-1] .Q.selectByExampleWithBLOBsWithRowbounds : ==> Parameters: 
2020-04-10 12:31:28.193 DEBUG 52743 --- [scheduling-1] .Q.selectByExampleWithBLOBsWithRowbounds : <==      Total: 3
2020-04-10 12:31:28.793  INFO 52743 --- [SpringContextShutdownHook] o.s.s.c.ThreadPoolTaskScheduler          : Shutting down ExecutorService 'taskScheduler'
2020-04-10 12:31:28.794  INFO 52743 --- [SpringContextShutdownHook] o.s.s.concurrent.ThreadPoolTaskExecutor  : Shutting down ExecutorService 'applicationTaskExecutor'
2020-04-10 12:31:28.797  INFO 52743 --- [SpringContextShutdownHook] com.zaxxer.hikari.HikariDataSource       : HikariPool-1 - Shutdown initiated...
2020-04-10 12:31:28.808  INFO 52743 --- [SpringContextShutdownHook] com.zaxxer.hikari.HikariDataSource       : HikariPool-1 - Shutdown completed.
2020-04-10 12:31:34.093  INFO 52752 --- [main] com.luojianhua.commu.CommuApplication    : Starting CommuApplication on luojianhuadeMacBook-Air.local with PID 52752 (/Users/luojianhua/commu/target/classes started by luojianhua in /Users/luojianhua/commu)
2020-04-10 12:31:34.103  INFO 52752 --- [main] com.luojianhua.commu.CommuApplication    : No active profile set, falling back to default profiles: default
2020-04-10 12:31:35.702  INFO 52752 --- [main] o.s.b.w.embedded.tomcat.TomcatWebServer  : Tomcat initialized with port(s): 8887 (http)
2020-04-10 12:31:35.715  INFO 52752 --- [main] o.apache.catalina.core.StandardService   : Starting service [Tomcat]
2020-04-10 12:31:35.715  INFO 52752 --- [main] org.apache.catalina.core.StandardEngine  : Starting Servlet engine: [Apache Tomcat/9.0.31]
2020-04-10 12:31:35.846  INFO 52752 --- [main] o.a.c.c.C.[Tomcat].[localhost].[/]       : Initializing Spring embedded WebApplicationContext
2020-04-10 12:31:35.846  INFO 52752 --- [main] o.s.web.context.ContextLoader            : Root WebApplicationContext: initialization completed in 1618 ms
2020-04-10 12:31:36.630  INFO 52752 --- [main] o.s.s.concurrent.ThreadPoolTaskExecutor  : Initializing ExecutorService 'applicationTaskExecutor'
2020-04-10 12:31:36.821  INFO 52752 --- [main] o.s.b.a.w.s.WelcomePageHandlerMapping    : Adding welcome page template: index
2020-04-10 12:31:37.029  INFO 52752 --- [main] o.s.s.c.ThreadPoolTaskScheduler          : Initializing ExecutorService 'taskScheduler'
2020-04-10 12:31:37.088  INFO 52752 --- [scheduling-1] com.luojianhua.commu.schedule.HotTag     : The time is nowFri Apr 10 12:31:37 CST 2020
2020-04-10 12:31:37.138  INFO 52752 --- [scheduling-1] com.zaxxer.hikari.HikariDataSource       : HikariPool-1 - Starting...
2020-04-10 12:31:37.138  INFO 52752 --- [main] o.s.b.w.embedded.tomcat.TomcatWebServer  : Tomcat started on port(s): 8887 (http) with context path ''
2020-04-10 12:31:37.144  INFO 52752 --- [main] com.luojianhua.commu.CommuApplication    : Started CommuApplication in 3.726 seconds (JVM running for 4.766)
2020-04-10 12:31:37.365  INFO 52752 --- [scheduling-1] com.zaxxer.hikari.HikariDataSource       : HikariPool-1 - Start completed.
2020-04-10 12:31:37.375 DEBUG 52752 --- [scheduling-1] .Q.selectByExampleWithBLOBsWithRowbounds : ==>  Preparing: select id, title, gmt_create, gmt_modified, creator, comment_count, view_count, like_count, tag , description from question 
2020-04-10 12:31:37.401 DEBUG 52752 --- [scheduling-1] .Q.selectByExampleWithBLOBsWithRowbounds : ==> Parameters: 
2020-04-10 12:31:37.431 DEBUG 52752 --- [scheduling-1] .Q.selectByExampleWithBLOBsWithRowbounds : <==      Total: 3
2020-04-10 12:31:47.089  INFO 52752 --- [scheduling-1] com.luojianhua.commu.schedule.HotTag     : The time is nowFri Apr 10 12:31:47 CST 2020
2020-04-10 12:31:47.091 DEBUG 52752 --- [scheduling-1] .Q.selectByExampleWithBLOBsWithRowbounds : ==>  Preparing: select id, title, gmt_create, gmt_modified, creator, comment_count, view_count, like_count, tag , description from question 
2020-04-10 12:31:47.092 DEBUG 52752 --- [scheduling-1] .Q.selectByExampleWithBLOBsWithRowbounds : ==> Parameters: 
2020-04-10 12:31:47.099 DEBUG 52752 --- [scheduling-1] .Q.selectByExampleWithBLOBsWithRowbounds : <==      Total: 3
2020-04-10 12:31:50.681  INFO 52752 --- [SpringContextShutdownHook] o.s.s.c.ThreadPoolTaskScheduler          : Shutting down ExecutorService 'taskScheduler'
2020-04-10 12:31:50.685  INFO 52752 --- [SpringContextShutdownHook] o.s.s.concurrent.ThreadPoolTaskExecutor  : Shutting down ExecutorService 'applicationTaskExecutor'
2020-04-10 12:31:50.688  INFO 52752 --- [SpringContextShutdownHook] com.zaxxer.hikari.HikariDataSource       : HikariPool-1 - Shutdown initiated...
2020-04-10 12:31:50.698  INFO 52752 --- [SpringContextShutdownHook] com.zaxxer.hikari.HikariDataSource       : HikariPool-1 - Shutdown completed.
